[crode@user001 ~]$ scp /home/crode/cpsc3620/Group_Work/Part_02/asg4-only-JobEvents.py \
> crode@clnode110.clemson.cloudlab.us:/users/crode/testfiles
asg4-only-JobEvents.py              100% 5613     5.5KB/s   5.5KB/s   00:00
[crode@user001 ~]$ scp -r /scratch3/crode/job_events \
> crode@clnode110.clemson.cloudlab.us:/users/crode/testfiles
part-00042-of-00500.csv             100%  528KB 527.7KB/s 527.7KB/s   00:00
part-00001-of-00500.csv             100%  491KB 490.8KB/s 527.7KB/s   00:00
part-00043-of-00500.csv             100%  531KB 530.6KB/s 530.6KB/s   00:00
part-00002-of-00500.csv             100%  535KB 534.8KB/s 534.8KB/s   00:00
part-00044-of-00500.csv             100%  599KB 598.7KB/s 598.7KB/s   00:00
part-00003-of-00500.csv             100%  665KB 665.2KB/s 665.2KB/s   00:00
part-00045-of-00500.csv             100%  650KB 649.8KB/s 665.2KB/s   00:00
part-00004-of-00500.csv             100%  652KB 651.8KB/s 665.2KB/s   00:00
part-00047-of-00500.csv             100%  646KB 646.4KB/s 665.2KB/s   00:00
part-00005-of-00500.csv             100%  483KB 482.8KB/s 665.2KB/s   00:00
part-00046-of-00500.csv             100%  614KB 614.0KB/s 665.2KB/s   00:00
part-00006-of-00500.csv             100%  390KB 390.2KB/s 665.2KB/s   00:00
part-00048-of-00500.csv             100%  583KB 583.1KB/s 665.2KB/s   00:00
part-00007-of-00500.csv             100%  429KB 429.5KB/s 665.2KB/s   00:00
part-00049-of-00500.csv             100%  815KB 815.0KB/s 815.0KB/s   00:00
part-00008-of-00500.csv             100%  463KB 463.4KB/s 815.0KB/s   00:00
part-00050-of-00500.csv             100%  764KB 764.0KB/s 815.0KB/s   00:00
part-00009-of-00500.csv             100%  462KB 462.4KB/s 815.0KB/s   00:00
part-00051-of-00500.csv             100%  713KB 712.9KB/s 815.0KB/s   00:00
part-00010-of-00500.csv             100%  488KB 488.4KB/s 815.0KB/s   00:00
part-00058-of-00500.csv             100%  612KB 612.3KB/s 815.0KB/s   00:00
part-00011-of-00500.csv             100%  535KB 534.5KB/s 815.0KB/s   00:00
part-00057-of-00500.csv             100%  523KB 522.9KB/s 815.0KB/s   00:00
part-00012-of-00500.csv             100%  622KB 621.6KB/s 815.0KB/s   00:00
part-00059-of-00500.csv             100%  440KB 439.8KB/s 815.0KB/s   00:00
part-00013-of-00500.csv             100%  580KB 580.1KB/s 815.0KB/s   00:00
part-00060-of-00500.csv             100%  505KB 505.0KB/s 815.0KB/s   00:00
part-00014-of-00500.csv             100%  659KB 658.7KB/s 815.0KB/s   00:00
part-00061-of-00500.csv             100%  694KB 694.1KB/s 815.0KB/s   00:00
part-00015-of-00500.csv             100%  881KB 881.1KB/s 881.1KB/s   00:00
part-00062-of-00500.csv             100%  538KB 538.0KB/s 881.1KB/s   00:00
part-00016-of-00500.csv             100%  529KB 529.1KB/s 881.1KB/s   00:00
part-00063-of-00500.csv             100%  599KB 599.5KB/s 881.1KB/s   00:00
part-00017-of-00500.csv             100%  528KB 527.5KB/s 881.1KB/s   00:00
part-00064-of-00500.csv             100%  663KB 663.4KB/s 881.1KB/s   00:00
part-00018-of-00500.csv             100%  538KB 538.0KB/s 881.1KB/s   00:00
part-00065-of-00500.csv             100%  679KB 678.9KB/s 881.1KB/s   00:00
part-00019-of-00500.csv             100%  645KB 644.8KB/s 881.1KB/s   00:00
part-00066-of-00500.csv             100%  786KB 785.9KB/s 881.1KB/s   00:00
part-00020-of-00500.csv             100%  632KB 631.8KB/s 881.1KB/s   00:00
part-00067-of-00500.csv             100%  717KB 717.2KB/s 881.1KB/s   00:00
part-00021-of-00500.csv             100%  762KB 762.3KB/s 881.1KB/s   00:00
part-00068-of-00500.csv             100%  573KB 573.4KB/s 881.1KB/s   00:00
part-00022-of-00500.csv             100%  669KB 668.8KB/s 881.1KB/s   00:00
part-00069-of-00500.csv             100%  534KB 534.4KB/s 881.1KB/s   00:00
part-00023-of-00500.csv             100%  722KB 722.1KB/s 881.1KB/s   00:00
part-00070-of-00500.csv             100%  718KB 717.8KB/s 881.1KB/s   00:00
part-00024-of-00500.csv             100%  644KB 644.3KB/s 881.1KB/s   00:00
part-00071-of-00500.csv             100%  571KB 571.0KB/s 881.1KB/s   00:00
part-00025-of-00500.csv             100%  603KB 602.5KB/s 881.1KB/s   00:00
part-00072-of-00500.csv             100%  747KB 746.8KB/s 881.1KB/s   00:00
part-00026-of-00500.csv             100%  601KB 600.8KB/s 881.1KB/s   00:00
part-00073-of-00500.csv             100%  571KB 570.8KB/s 881.1KB/s   00:00
part-00027-of-00500.csv             100%  579KB 579.1KB/s 881.1KB/s   00:00
part-00074-of-00500.csv             100%  506KB 505.9KB/s 881.1KB/s   00:00
part-00028-of-00500.csv             100%  602KB 601.9KB/s 881.1KB/s   00:00
part-00075-of-00500.csv             100%  435KB 435.3KB/s 881.1KB/s   00:00
part-00029-of-00500.csv             100%  674KB 673.6KB/s 881.1KB/s   00:00
part-00076-of-00500.csv             100%  469KB 469.1KB/s 881.1KB/s   00:00
part-00030-of-00500.csv             100%  736KB 735.8KB/s 881.1KB/s   00:00
part-00077-of-00500.csv             100%  445KB 444.9KB/s 881.1KB/s   00:00
part-00031-of-00500.csv             100%  711KB 711.1KB/s 881.1KB/s   00:00
part-00078-of-00500.csv             100%  537KB 536.7KB/s 881.1KB/s   00:00
part-00032-of-00500.csv             100%  825KB 825.5KB/s 881.1KB/s   00:00
part-00079-of-00500.csv             100%  624KB 624.0KB/s 881.1KB/s   00:00
part-00033-of-00500.csv             100%  748KB 748.3KB/s 881.1KB/s   00:00
part-00080-of-00500.csv             100%  826KB 825.9KB/s 881.1KB/s   00:00
part-00034-of-00500.csv             100%  574KB 574.5KB/s 881.1KB/s   00:00
part-00081-of-00500.csv             100%  891KB 891.3KB/s 891.3KB/s   00:00
part-00035-of-00500.csv             100%  609KB 609.1KB/s 891.3KB/s   00:00
part-00082-of-00500.csv             100%  695KB 695.1KB/s 891.3KB/s   00:00
part-00036-of-00500.csv             100%  571KB 570.6KB/s 891.3KB/s   00:00
part-00083-of-00500.csv             100%  669KB 668.7KB/s 891.3KB/s   00:00
part-00037-of-00500.csv             100%  477KB 477.4KB/s 891.3KB/s   00:00
part-00084-of-00500.csv             100%  902KB 901.5KB/s 901.5KB/s   00:00
part-00038-of-00500.csv             100%  728KB 728.4KB/s 901.5KB/s   00:00
part-00085-of-00500.csv             100%  715KB 715.3KB/s 901.5KB/s   00:00
part-00039-of-00500.csv             100%  500KB 500.3KB/s 901.5KB/s   00:00
part-00086-of-00500.csv             100%  582KB 582.0KB/s 901.5KB/s   00:00
part-00040-of-00500.csv             100%  532KB 532.4KB/s 901.5KB/s   00:00
part-00087-of-00500.csv             100%  620KB 620.3KB/s 901.5KB/s   00:00
part-00041-of-00500.csv             100%  711KB 710.6KB/s 901.5KB/s   00:00
part-00052-of-00500.csv             100%  683KB 682.6KB/s 901.5KB/s   00:00
part-00088-of-00500.csv             100%  819KB 818.7KB/s 901.5KB/s   00:00
part-00053-of-00500.csv             100%  631KB 630.7KB/s 901.5KB/s   00:00
part-00089-of-00500.csv             100%  584KB 584.1KB/s 901.5KB/s   00:00
part-00054-of-00500.csv             100%  537KB 536.7KB/s 901.5KB/s   00:00
part-00090-of-00500.csv             100%  906KB 905.5KB/s 905.5KB/s   00:00
part-00055-of-00500.csv             100%  826KB 826.4KB/s 905.5KB/s   00:00
part-00091-of-00500.csv             100%  890KB 889.5KB/s 905.5KB/s   00:00
part-00056-of-00500.csv             100%  547KB 546.8KB/s 905.5KB/s   00:00
part-00092-of-00500.csv             100% 1048KB   1.0MB/s   1.0MB/s   00:00
part-00093-of-00500.csv             100%  688KB 687.7KB/s   1.0MB/s   00:00
part-00094-of-00500.csv             100%  401KB 401.2KB/s   1.0MB/s   00:00
part-00095-of-00500.csv             100%  423KB 422.7KB/s   1.0MB/s   00:00
part-00096-of-00500.csv             100%  437KB 437.2KB/s   1.0MB/s   00:00
part-00097-of-00500.csv             100%  467KB 466.7KB/s   1.0MB/s   00:00
part-00098-of-00500.csv             100%  380KB 380.4KB/s   1.0MB/s   00:00
part-00099-of-00500.csv             100%  440KB 440.1KB/s   1.0MB/s   00:00
part-00100-of-00500.csv             100%  421KB 420.6KB/s   1.0MB/s   00:00
part-00101-of-00500.csv             100%  571KB 570.8KB/s   1.0MB/s   00:00
part-00102-of-00500.csv             100%  505KB 505.3KB/s   1.0MB/s   00:00
part-00103-of-00500.csv             100%  420KB 419.9KB/s   1.0MB/s   00:00
part-00104-of-00500.csv             100%  515KB 515.4KB/s   1.0MB/s   00:00
part-00105-of-00500.csv             100%  478KB 477.9KB/s   1.0MB/s   00:00
part-00106-of-00500.csv             100%  503KB 502.9KB/s   1.0MB/s   00:00
part-00107-of-00500.csv             100%  814KB 813.6KB/s   1.0MB/s   00:00
part-00108-of-00500.csv             100%  466KB 466.4KB/s   1.0MB/s   00:00
part-00109-of-00500.csv             100%  568KB 567.8KB/s   1.0MB/s   00:00
part-00110-of-00500.csv             100%  578KB 577.5KB/s   1.0MB/s   00:00
part-00111-of-00500.csv             100%  408KB 408.4KB/s   1.0MB/s   00:00
part-00112-of-00500.csv             100%  493KB 493.3KB/s   1.0MB/s   00:00
part-00113-of-00500.csv             100%  606KB 605.9KB/s   1.0MB/s   00:00
part-00114-of-00500.csv             100%  475KB 475.3KB/s   1.0MB/s   00:00
part-00115-of-00500.csv             100%  351KB 350.7KB/s   1.0MB/s   00:00
part-00116-of-00500.csv             100%  443KB 443.0KB/s   1.0MB/s   00:00
part-00117-of-00500.csv             100%  381KB 380.9KB/s   1.0MB/s   00:00
part-00118-of-00500.csv             100%  519KB 518.8KB/s   1.0MB/s   00:00
part-00119-of-00500.csv             100%  521KB 521.0KB/s   1.0MB/s   00:00
part-00120-of-00500.csv             100%  410KB 409.8KB/s   1.0MB/s   00:00
part-00121-of-00500.csv             100%  545KB 544.7KB/s   1.0MB/s   00:00
part-00122-of-00500.csv             100%  522KB 522.1KB/s   1.0MB/s   00:00
part-00123-of-00500.csv             100%  613KB 613.1KB/s   1.0MB/s   00:00
part-00124-of-00500.csv             100%  746KB 745.9KB/s   1.0MB/s   00:00
part-00125-of-00500.csv             100%  568KB 568.4KB/s   1.0MB/s   00:00
part-00126-of-00500.csv             100%  524KB 524.0KB/s   1.0MB/s   00:00
part-00127-of-00500.csv             100%  547KB 547.3KB/s   1.0MB/s   00:00
part-00128-of-00500.csv             100%  479KB 478.7KB/s   1.0MB/s   00:00
part-00129-of-00500.csv             100%  537KB 537.2KB/s   1.0MB/s   00:00
part-00130-of-00500.csv             100%  547KB 546.6KB/s   1.0MB/s   00:00
part-00131-of-00500.csv             100%  635KB 635.3KB/s   1.0MB/s   00:00
part-00132-of-00500.csv             100%  632KB 631.7KB/s   1.0MB/s   00:00
part-00133-of-00500.csv             100%  711KB 711.4KB/s   1.0MB/s   00:00
part-00134-of-00500.csv             100%  687KB 686.9KB/s   1.0MB/s   00:00
part-00135-of-00500.csv             100%  844KB 844.3KB/s   1.0MB/s   00:00
part-00136-of-00500.csv             100%  804KB 804.5KB/s   1.0MB/s   00:00
part-00137-of-00500.csv             100%  659KB 658.6KB/s   1.0MB/s   00:00
part-00138-of-00500.csv             100%  596KB 596.1KB/s   1.0MB/s   00:00
part-00139-of-00500.csv             100%  665KB 665.0KB/s   1.0MB/s   00:00
part-00140-of-00500.csv             100%  574KB 573.7KB/s   1.0MB/s   00:00
part-00141-of-00500.csv             100%  706KB 706.1KB/s   1.0MB/s   00:00
part-00142-of-00500.csv             100%  531KB 531.2KB/s   1.0MB/s   00:00
part-00143-of-00500.csv             100%  507KB 506.6KB/s   1.0MB/s   00:00
part-00144-of-00500.csv             100%  598KB 598.0KB/s   1.0MB/s   00:00
part-00145-of-00500.csv             100%  509KB 509.3KB/s   1.0MB/s   00:00
part-00146-of-00500.csv             100%  500KB 500.3KB/s   1.0MB/s   00:00
part-00147-of-00500.csv             100%  502KB 501.9KB/s   1.0MB/s   00:00
part-00148-of-00500.csv             100%  511KB 511.1KB/s   1.0MB/s   00:00
part-00149-of-00500.csv             100%  739KB 738.6KB/s   1.0MB/s   00:00
part-00150-of-00500.csv             100%  580KB 579.9KB/s   1.0MB/s   00:00
part-00151-of-00500.csv             100%  701KB 701.2KB/s   1.0MB/s   00:00
part-00152-of-00500.csv             100%  806KB 806.4KB/s   1.0MB/s   00:00
part-00153-of-00500.csv             100%  741KB 741.0KB/s   1.0MB/s   00:00
part-00154-of-00500.csv             100% 1110KB   1.1MB/s   1.1MB/s   00:00
part-00155-of-00500.csv             100%  538KB 537.6KB/s   1.1MB/s   00:00
part-00156-of-00500.csv             100%  777KB 776.9KB/s   1.1MB/s   00:00
part-00157-of-00500.csv             100%  607KB 606.8KB/s   1.1MB/s   00:00
part-00158-of-00500.csv             100%  802KB 802.1KB/s   1.1MB/s   00:00
part-00159-of-00500.csv             100%  949KB 949.4KB/s   1.1MB/s   00:00
part-00160-of-00500.csv             100%  502KB 501.9KB/s   1.1MB/s   00:00
part-00161-of-00500.csv             100%  703KB 702.8KB/s   1.1MB/s   00:00
part-00162-of-00500.csv             100%  529KB 528.8KB/s   1.1MB/s   00:00
part-00163-of-00500.csv             100%  497KB 497.0KB/s   1.1MB/s   00:00
part-00164-of-00500.csv             100%  566KB 565.8KB/s   1.1MB/s   00:00
part-00165-of-00500.csv             100%  579KB 579.5KB/s   1.1MB/s   00:00
part-00166-of-00500.csv             100%  587KB 586.7KB/s   1.1MB/s   00:01
part-00167-of-00500.csv             100%  761KB 760.6KB/s   1.1MB/s   00:00
part-00168-of-00500.csv             100%  726KB 726.3KB/s   1.1MB/s   00:00
part-00169-of-00500.csv             100%  701KB 700.5KB/s   1.1MB/s   00:00
part-00170-of-00500.csv             100%  777KB 776.8KB/s   1.1MB/s   00:00
part-00171-of-00500.csv             100% 1018KB   1.0MB/s   1.1MB/s   00:00
part-00172-of-00500.csv             100%  669KB 669.3KB/s   1.1MB/s   00:00
part-00173-of-00500.csv             100%  767KB 766.7KB/s   1.1MB/s   00:00
part-00174-of-00500.csv             100%  820KB 820.5KB/s   1.1MB/s   00:00
part-00175-of-00500.csv             100%  672KB 672.0KB/s   1.1MB/s   00:00
part-00176-of-00500.csv             100%  754KB 754.5KB/s   1.1MB/s   00:00
part-00177-of-00500.csv             100%  613KB 613.2KB/s   1.1MB/s   00:00
part-00178-of-00500.csv             100%  618KB 618.4KB/s   1.1MB/s   00:00
part-00179-of-00500.csv             100%  730KB 730.2KB/s   1.1MB/s   00:00
part-00180-of-00500.csv             100%  579KB 579.1KB/s   1.1MB/s   00:00
part-00181-of-00500.csv             100%  570KB 569.8KB/s   1.1MB/s   00:00
part-00182-of-00500.csv             100%  730KB 729.5KB/s   1.1MB/s   00:00
part-00183-of-00500.csv             100%  722KB 722.0KB/s   1.1MB/s   00:00
part-00184-of-00500.csv             100%  809KB 809.1KB/s   1.1MB/s   00:00
part-00185-of-00500.csv             100%  765KB 764.8KB/s   1.1MB/s   00:00
part-00186-of-00500.csv             100%  741KB 741.0KB/s   1.1MB/s   00:00
part-00187-of-00500.csv             100%  724KB 724.2KB/s   1.1MB/s   00:00
part-00188-of-00500.csv             100%  783KB 782.8KB/s   1.1MB/s   00:00
part-00189-of-00500.csv             100%  678KB 677.8KB/s   1.1MB/s   00:00
part-00190-of-00500.csv             100%  565KB 564.6KB/s   1.1MB/s   00:00
part-00191-of-00500.csv             100%  605KB 604.8KB/s   1.1MB/s   00:00
part-00192-of-00500.csv             100%  576KB 575.6KB/s   1.1MB/s   00:00
part-00193-of-00500.csv             100%  763KB 763.3KB/s   1.1MB/s   00:00
part-00194-of-00500.csv             100%  629KB 628.9KB/s   1.1MB/s   00:00
part-00195-of-00500.csv             100%  518KB 517.8KB/s   1.1MB/s   00:00
part-00196-of-00500.csv             100%  672KB 671.9KB/s   1.1MB/s   00:00
part-00197-of-00500.csv             100%  478KB 478.1KB/s   1.1MB/s   00:00
part-00198-of-00500.csv             100%  545KB 545.0KB/s   1.1MB/s   00:00
part-00199-of-00500.csv             100%  641KB 641.0KB/s   1.1MB/s   00:00
part-00200-of-00500.csv             100%  660KB 660.3KB/s   1.1MB/s   00:00
part-00201-of-00500.csv             100%  720KB 719.9KB/s   1.1MB/s   00:00
part-00202-of-00500.csv             100%  654KB 653.7KB/s   1.1MB/s   00:00
part-00203-of-00500.csv             100%  683KB 682.7KB/s   1.1MB/s   00:00
part-00204-of-00500.csv             100%  855KB 854.7KB/s   1.1MB/s   00:00
part-00205-of-00500.csv             100%  920KB 920.1KB/s   1.1MB/s   00:00
part-00206-of-00500.csv             100%  801KB 800.7KB/s   1.1MB/s   00:00
part-00207-of-00500.csv             100%  561KB 560.7KB/s   1.1MB/s   00:00
part-00208-of-00500.csv             100%  643KB 642.8KB/s   1.1MB/s   00:00
part-00209-of-00500.csv             100%  457KB 457.5KB/s   1.1MB/s   00:00
part-00210-of-00500.csv             100%  658KB 657.7KB/s   1.1MB/s   00:00
part-00211-of-00500.csv             100%  900KB 900.1KB/s   1.1MB/s   00:00
part-00212-of-00500.csv             100%  828KB 828.1KB/s   1.1MB/s   00:00
part-00213-of-00500.csv             100%  946KB 946.5KB/s   1.1MB/s   00:00
part-00214-of-00500.csv             100%  366KB 365.8KB/s   1.1MB/s   00:00
part-00215-of-00500.csv             100%  471KB 471.3KB/s   1.1MB/s   00:00
part-00216-of-00500.csv             100%  416KB 415.6KB/s   1.1MB/s   00:00
part-00217-of-00500.csv             100%  444KB 444.1KB/s   1.1MB/s   00:00
part-00218-of-00500.csv             100%  454KB 453.9KB/s   1.1MB/s   00:00
part-00219-of-00500.csv             100%  446KB 445.9KB/s   1.1MB/s   00:00
part-00220-of-00500.csv             100%  383KB 382.7KB/s   1.1MB/s   00:00
part-00221-of-00500.csv             100%  439KB 439.4KB/s   1.1MB/s   00:00
part-00222-of-00500.csv             100%  431KB 430.7KB/s   1.1MB/s   00:00
part-00223-of-00500.csv             100%  446KB 446.5KB/s   1.1MB/s   00:00
part-00224-of-00500.csv             100%  470KB 469.9KB/s   1.1MB/s   00:00
part-00225-of-00500.csv             100%  544KB 543.7KB/s   1.1MB/s   00:00
part-00226-of-00500.csv             100%  433KB 433.5KB/s   1.1MB/s   00:00
part-00227-of-00500.csv             100%  500KB 499.5KB/s   1.1MB/s   00:00
part-00228-of-00500.csv             100%  583KB 582.8KB/s   1.1MB/s   00:00
part-00229-of-00500.csv             100%  322KB 321.8KB/s   1.1MB/s   00:00
part-00230-of-00500.csv             100%  403KB 403.3KB/s   1.1MB/s   00:00
part-00231-of-00500.csv             100%  352KB 352.1KB/s   1.1MB/s   00:00
part-00232-of-00500.csv             100%  444KB 444.2KB/s   1.1MB/s   00:00
part-00233-of-00500.csv             100%  427KB 426.7KB/s   1.1MB/s   00:00
part-00234-of-00500.csv             100%  402KB 402.4KB/s   1.1MB/s   00:00
part-00235-of-00500.csv             100%  442KB 441.7KB/s   1.1MB/s   00:00
part-00236-of-00500.csv             100%  490KB 489.8KB/s   1.1MB/s   00:00
part-00237-of-00500.csv             100%  413KB 413.3KB/s   1.1MB/s   00:00
part-00238-of-00500.csv             100%  420KB 419.6KB/s   1.1MB/s   00:00
part-00239-of-00500.csv             100%  430KB 430.1KB/s   1.1MB/s   00:00
part-00240-of-00500.csv             100%  425KB 425.1KB/s   1.1MB/s   00:00
part-00241-of-00500.csv             100%  497KB 496.6KB/s   1.1MB/s   00:00
part-00242-of-00500.csv             100%  464KB 463.7KB/s   1.1MB/s   00:00
part-00243-of-00500.csv             100%  569KB 569.0KB/s   1.1MB/s   00:00
part-00244-of-00500.csv             100%  596KB 596.0KB/s   1.1MB/s   00:00
part-00245-of-00500.csv             100%  669KB 668.9KB/s   1.1MB/s   00:00
part-00246-of-00500.csv             100%  403KB 403.0KB/s   1.1MB/s   00:00
part-00247-of-00500.csv             100%  406KB 405.6KB/s   1.1MB/s   00:00
part-00248-of-00500.csv             100%  457KB 457.0KB/s   1.1MB/s   00:00
part-00249-of-00500.csv             100%  437KB 437.0KB/s   1.1MB/s   00:00
part-00250-of-00500.csv             100%  442KB 442.3KB/s   1.1MB/s   00:00
part-00251-of-00500.csv             100%  528KB 528.4KB/s   1.1MB/s   00:00
part-00252-of-00500.csv             100%  641KB 641.3KB/s   1.1MB/s   00:00
part-00253-of-00500.csv             100%  752KB 751.9KB/s   1.1MB/s   00:00
part-00254-of-00500.csv             100%  622KB 622.1KB/s   1.1MB/s   00:00
part-00255-of-00500.csv             100%  704KB 704.2KB/s   1.1MB/s   00:00
part-00256-of-00500.csv             100%  530KB 529.8KB/s   1.1MB/s   00:00
part-00257-of-00500.csv             100%  634KB 633.7KB/s   1.1MB/s   00:00
part-00258-of-00500.csv             100%  818KB 817.8KB/s   1.1MB/s   00:00
part-00259-of-00500.csv             100%  872KB 871.9KB/s   1.1MB/s   00:00
part-00260-of-00500.csv             100%  576KB 575.6KB/s   1.1MB/s   00:00
part-00261-of-00500.csv             100%  563KB 563.2KB/s   1.1MB/s   00:00
part-00262-of-00500.csv             100%  987KB 986.6KB/s   1.1MB/s   00:00
part-00263-of-00500.csv             100% 1028KB   1.0MB/s   1.1MB/s   00:00
part-00264-of-00500.csv             100% 1004KB   1.0MB/s   1.1MB/s   00:00
part-00265-of-00500.csv             100%  668KB 668.2KB/s   1.1MB/s   00:00
part-00266-of-00500.csv             100%  411KB 410.9KB/s   1.1MB/s   00:00
part-00267-of-00500.csv             100%  462KB 462.3KB/s   1.1MB/s   00:00
part-00268-of-00500.csv             100%  530KB 530.5KB/s   1.1MB/s   00:00
part-00269-of-00500.csv             100%  560KB 559.9KB/s   1.1MB/s   00:00
part-00270-of-00500.csv             100%  810KB 810.5KB/s   1.1MB/s   00:00
part-00271-of-00500.csv             100%  716KB 716.1KB/s   1.1MB/s   00:00
part-00272-of-00500.csv             100%  699KB 698.5KB/s   1.1MB/s   00:00
part-00273-of-00500.csv             100%  683KB 682.9KB/s   1.1MB/s   00:00
part-00274-of-00500.csv             100%  754KB 753.6KB/s   1.1MB/s   00:00
part-00275-of-00500.csv             100%  733KB 733.3KB/s   1.1MB/s   00:00
part-00276-of-00500.csv             100%  652KB 651.9KB/s   1.1MB/s   00:00
part-00277-of-00500.csv             100%  668KB 668.4KB/s   1.1MB/s   00:00
part-00278-of-00500.csv             100%  488KB 488.4KB/s   1.1MB/s   00:00
part-00279-of-00500.csv             100%  749KB 748.6KB/s   1.1MB/s   00:00
part-00280-of-00500.csv             100%  500KB 499.7KB/s   1.1MB/s   00:00
part-00281-of-00500.csv             100%  579KB 578.8KB/s   1.1MB/s   00:00
part-00282-of-00500.csv             100%  690KB 690.0KB/s   1.1MB/s   00:00
part-00283-of-00500.csv             100%  532KB 532.4KB/s   1.1MB/s   00:00
part-00284-of-00500.csv             100%  563KB 563.5KB/s   1.1MB/s   00:00
part-00285-of-00500.csv             100%  582KB 581.5KB/s   1.1MB/s   00:00
part-00286-of-00500.csv             100%  610KB 609.6KB/s   1.1MB/s   00:00
part-00287-of-00500.csv             100%  865KB 864.6KB/s   1.1MB/s   00:00
part-00288-of-00500.csv             100%  713KB 713.3KB/s   1.1MB/s   00:00
part-00289-of-00500.csv             100%  863KB 863.2KB/s   1.1MB/s   00:00
part-00290-of-00500.csv             100%  941KB 941.0KB/s   1.1MB/s   00:00
part-00291-of-00500.csv             100%  710KB 709.6KB/s   1.1MB/s   00:00
part-00292-of-00500.csv             100%  691KB 690.6KB/s   1.1MB/s   00:00
part-00293-of-00500.csv             100%  800KB 800.2KB/s   1.1MB/s   00:00
part-00294-of-00500.csv             100%  699KB 698.5KB/s   1.1MB/s   00:00
part-00295-of-00500.csv             100%  601KB 600.7KB/s   1.1MB/s   00:00
part-00296-of-00500.csv             100%  677KB 676.6KB/s   1.1MB/s   00:00
part-00297-of-00500.csv             100% 1630KB   1.6MB/s   1.6MB/s   00:00
part-00298-of-00500.csv             100% 2159KB   2.1MB/s   2.1MB/s   00:00
part-00299-of-00500.csv             100% 1965KB   1.9MB/s   2.1MB/s   00:00
part-00300-of-00500.csv             100% 1445KB   1.4MB/s   2.1MB/s   00:00
part-00301-of-00500.csv             100% 1562KB   1.5MB/s   2.1MB/s   00:00
part-00302-of-00500.csv             100% 1583KB   1.6MB/s   2.1MB/s   00:00
part-00303-of-00500.csv             100% 1674KB   1.6MB/s   2.1MB/s   00:00
part-00304-of-00500.csv             100% 1378KB   1.4MB/s   2.1MB/s   00:00
part-00305-of-00500.csv             100%  740KB 739.8KB/s   2.1MB/s   00:00
part-00306-of-00500.csv             100%  723KB 723.5KB/s   2.1MB/s   00:00
part-00307-of-00500.csv             100%  748KB 748.1KB/s   2.1MB/s   00:00
part-00308-of-00500.csv             100% 1428KB   1.4MB/s   2.1MB/s   00:00
part-00309-of-00500.csv             100% 1464KB   1.4MB/s   2.1MB/s   00:00
part-00310-of-00500.csv             100% 1014KB   1.0MB/s   2.1MB/s   00:00
part-00311-of-00500.csv             100%  626KB 626.0KB/s   2.1MB/s   00:00
part-00312-of-00500.csv             100%  640KB 640.0KB/s   2.1MB/s   00:00
part-00313-of-00500.csv             100%  514KB 513.7KB/s   2.1MB/s   00:00
part-00314-of-00500.csv             100%  999KB 998.5KB/s   2.1MB/s   00:00
part-00315-of-00500.csv             100%  592KB 591.5KB/s   2.1MB/s   00:00
part-00316-of-00500.csv             100%  761KB 760.7KB/s   2.1MB/s   00:00
part-00317-of-00500.csv             100%  618KB 618.3KB/s   2.1MB/s   00:00
part-00318-of-00500.csv             100%  568KB 568.5KB/s   2.1MB/s   00:00
part-00319-of-00500.csv             100%  553KB 552.9KB/s   2.1MB/s   00:00
part-00320-of-00500.csv             100%  654KB 654.0KB/s   2.1MB/s   00:00
part-00321-of-00500.csv             100%  905KB 904.8KB/s   2.1MB/s   00:00
part-00322-of-00500.csv             100%  797KB 796.6KB/s   2.1MB/s   00:00
part-00323-of-00500.csv             100%  824KB 824.2KB/s   2.1MB/s   00:00
part-00324-of-00500.csv             100%  765KB 765.1KB/s   2.1MB/s   00:00
part-00325-of-00500.csv             100%  998KB 998.1KB/s   2.1MB/s   00:00
part-00326-of-00500.csv             100% 1029KB   1.0MB/s   2.1MB/s   00:00
part-00327-of-00500.csv             100%  755KB 754.9KB/s   2.1MB/s   00:00
part-00328-of-00500.csv             100%  647KB 647.3KB/s   2.1MB/s   00:00
part-00329-of-00500.csv             100%  613KB 613.1KB/s   2.1MB/s   00:00
part-00330-of-00500.csv             100%  504KB 504.2KB/s   2.1MB/s   00:00
part-00331-of-00500.csv             100%  998KB 997.7KB/s   2.1MB/s   00:00
part-00332-of-00500.csv             100% 1057KB   1.0MB/s   2.1MB/s   00:00
part-00333-of-00500.csv             100%  713KB 713.5KB/s   2.1MB/s   00:00
part-00334-of-00500.csv             100%  717KB 716.7KB/s   2.1MB/s   00:00
part-00335-of-00500.csv             100%  482KB 482.1KB/s   2.1MB/s   00:00
part-00336-of-00500.csv             100%  526KB 525.8KB/s   2.1MB/s   00:00
part-00337-of-00500.csv             100%  594KB 594.4KB/s   2.1MB/s   00:00
part-00338-of-00500.csv             100%  611KB 610.7KB/s   2.1MB/s   00:00
part-00339-of-00500.csv             100%  537KB 536.9KB/s   2.1MB/s   00:00
part-00340-of-00500.csv             100%  530KB 529.8KB/s   2.1MB/s   00:00
part-00341-of-00500.csv             100%  590KB 589.9KB/s   2.1MB/s   00:00
part-00342-of-00500.csv             100%  543KB 542.5KB/s   2.1MB/s   00:00
part-00343-of-00500.csv             100%  465KB 465.4KB/s   2.1MB/s   00:00
part-00344-of-00500.csv             100%  549KB 549.5KB/s   2.1MB/s   00:00
part-00345-of-00500.csv             100%  550KB 550.3KB/s   2.1MB/s   00:00
part-00346-of-00500.csv             100%  592KB 592.5KB/s   2.1MB/s   00:00
part-00347-of-00500.csv             100%  494KB 494.4KB/s   2.1MB/s   00:00
part-00348-of-00500.csv             100%  775KB 775.4KB/s   2.1MB/s   00:00
part-00349-of-00500.csv             100%  406KB 405.6KB/s   2.1MB/s   00:00
part-00350-of-00500.csv             100%  565KB 564.9KB/s   2.1MB/s   00:00
part-00351-of-00500.csv             100%  602KB 601.5KB/s   2.1MB/s   00:00
part-00352-of-00500.csv             100%  545KB 544.6KB/s   2.1MB/s   00:00
part-00353-of-00500.csv             100%  450KB 450.4KB/s   2.1MB/s   00:00
part-00354-of-00500.csv             100%  597KB 596.8KB/s   2.1MB/s   00:00
part-00355-of-00500.csv             100%  514KB 513.5KB/s   2.1MB/s   00:00
part-00356-of-00500.csv             100%  495KB 495.5KB/s   2.1MB/s   00:00
part-00357-of-00500.csv             100%  587KB 586.5KB/s   2.1MB/s   00:00
part-00358-of-00500.csv             100%  504KB 504.0KB/s   2.1MB/s   00:00
part-00359-of-00500.csv             100%  539KB 538.8KB/s   2.1MB/s   00:00
part-00360-of-00500.csv             100%  532KB 531.6KB/s   2.1MB/s   00:00
part-00361-of-00500.csv             100%  502KB 501.6KB/s   2.1MB/s   00:00
part-00362-of-00500.csv             100%  626KB 626.3KB/s   2.1MB/s   00:00
part-00363-of-00500.csv             100%  612KB 612.3KB/s   2.1MB/s   00:00
part-00364-of-00500.csv             100%  569KB 569.4KB/s   2.1MB/s   00:00
part-00365-of-00500.csv             100%  646KB 646.1KB/s   2.1MB/s   00:00
part-00366-of-00500.csv             100%  556KB 555.8KB/s   2.1MB/s   00:00
part-00367-of-00500.csv             100%  540KB 540.1KB/s   2.1MB/s   00:00
part-00368-of-00500.csv             100%  641KB 641.2KB/s   2.1MB/s   00:00
part-00369-of-00500.csv             100%  572KB 571.9KB/s   2.1MB/s   00:00
part-00370-of-00500.csv             100%  499KB 498.9KB/s   2.1MB/s   00:00
part-00371-of-00500.csv             100%  591KB 591.2KB/s   2.1MB/s   00:00
part-00372-of-00500.csv             100%  616KB 615.7KB/s   2.1MB/s   00:00
part-00373-of-00500.csv             100%  547KB 547.1KB/s   2.1MB/s   00:00
part-00374-of-00500.csv             100%  600KB 599.9KB/s   2.1MB/s   00:00
part-00375-of-00500.csv             100%  721KB 720.9KB/s   2.1MB/s   00:00
part-00376-of-00500.csv             100%  719KB 719.1KB/s   2.1MB/s   00:00
part-00377-of-00500.csv             100%  793KB 792.8KB/s   2.1MB/s   00:00
part-00378-of-00500.csv             100%  660KB 660.0KB/s   2.1MB/s   00:00
part-00379-of-00500.csv             100%  779KB 779.4KB/s   2.1MB/s   00:00
part-00380-of-00500.csv             100%  645KB 644.5KB/s   2.1MB/s   00:00
part-00381-of-00500.csv             100%  467KB 467.0KB/s   2.1MB/s   00:00
part-00382-of-00500.csv             100%  517KB 517.1KB/s   2.1MB/s   00:00
part-00383-of-00500.csv             100%  636KB 636.0KB/s   2.1MB/s   00:00
part-00384-of-00500.csv             100%  444KB 444.1KB/s   2.1MB/s   00:00
part-00385-of-00500.csv             100%  609KB 609.1KB/s   2.1MB/s   00:00
part-00386-of-00500.csv             100%  643KB 643.2KB/s   2.1MB/s   00:00
part-00387-of-00500.csv             100%  504KB 504.4KB/s   2.1MB/s   00:00
part-00388-of-00500.csv             100%  548KB 548.0KB/s   2.1MB/s   00:00
part-00389-of-00500.csv             100%  579KB 579.4KB/s   2.1MB/s   00:00
part-00390-of-00500.csv             100%  739KB 739.4KB/s   2.1MB/s   00:00
part-00391-of-00500.csv             100%  646KB 646.0KB/s   2.1MB/s   00:00
part-00392-of-00500.csv             100%  630KB 630.0KB/s   2.1MB/s   00:00
part-00393-of-00500.csv             100%  704KB 703.5KB/s   2.1MB/s   00:00
part-00394-of-00500.csv             100% 1188KB   1.2MB/s   2.1MB/s   00:00
part-00395-of-00500.csv             100% 1281KB   1.3MB/s   2.1MB/s   00:00
part-00396-of-00500.csv             100% 1242KB   1.2MB/s   2.1MB/s   00:00
part-00397-of-00500.csv             100%  890KB 890.3KB/s   2.1MB/s   00:00
part-00398-of-00500.csv             100%  849KB 848.9KB/s   2.1MB/s   00:00
part-00399-of-00500.csv             100%  600KB 600.1KB/s   2.1MB/s   00:00
part-00400-of-00500.csv             100%  775KB 775.4KB/s   2.1MB/s   00:00
part-00401-of-00500.csv             100%  564KB 564.3KB/s   2.1MB/s   00:00
part-00402-of-00500.csv             100%  621KB 620.7KB/s   2.1MB/s   00:00
part-00403-of-00500.csv             100%  778KB 778.3KB/s   2.1MB/s   00:00
part-00404-of-00500.csv             100%  554KB 554.5KB/s   2.1MB/s   00:00
part-00405-of-00500.csv             100%  589KB 588.8KB/s   2.1MB/s   00:00
part-00406-of-00500.csv             100%  616KB 616.2KB/s   2.1MB/s   00:00
part-00407-of-00500.csv             100%  731KB 730.7KB/s   2.1MB/s   00:00
part-00412-of-00500.csv             100%  727KB 727.4KB/s   2.1MB/s   00:00
part-00413-of-00500.csv             100%  757KB 757.0KB/s   2.1MB/s   00:00
part-00414-of-00500.csv             100%  615KB 615.2KB/s   2.1MB/s   00:00
part-00415-of-00500.csv             100%  591KB 590.9KB/s   2.1MB/s   00:00
part-00416-of-00500.csv             100%  482KB 482.1KB/s   2.1MB/s   00:00
part-00417-of-00500.csv             100%  600KB 600.1KB/s   2.1MB/s   00:00
part-00418-of-00500.csv             100%  441KB 440.9KB/s   2.1MB/s   00:00
part-00419-of-00500.csv             100%  436KB 435.7KB/s   2.1MB/s   00:00
part-00420-of-00500.csv             100%  626KB 625.8KB/s   2.1MB/s   00:00
part-00421-of-00500.csv             100%  466KB 466.3KB/s   2.1MB/s   00:00
part-00422-of-00500.csv             100%  424KB 423.9KB/s   2.1MB/s   00:00
part-00423-of-00500.csv             100%  514KB 513.9KB/s   2.1MB/s   00:00
part-00424-of-00500.csv             100%  584KB 583.8KB/s   2.1MB/s   00:00
part-00425-of-00500.csv             100%  762KB 761.8KB/s   2.1MB/s   00:00
part-00426-of-00500.csv             100%  609KB 609.1KB/s   2.1MB/s   00:00
part-00427-of-00500.csv             100%  645KB 645.0KB/s   2.1MB/s   00:00
part-00428-of-00500.csv             100%  600KB 599.9KB/s   2.1MB/s   00:00
part-00429-of-00500.csv             100%  680KB 680.1KB/s   2.1MB/s   00:00
part-00430-of-00500.csv             100%  813KB 812.6KB/s   2.1MB/s   00:00
part-00431-of-00500.csv             100%  993KB 992.6KB/s   2.1MB/s   00:00
part-00432-of-00500.csv             100%  551KB 551.1KB/s   2.1MB/s   00:00
part-00433-of-00500.csv             100%  405KB 404.9KB/s   2.1MB/s   00:00
part-00434-of-00500.csv             100%  606KB 606.3KB/s   2.1MB/s   00:00
part-00435-of-00500.csv             100%  937KB 936.8KB/s   2.1MB/s   00:00
part-00436-of-00500.csv             100%  954KB 954.1KB/s   2.1MB/s   00:00
part-00437-of-00500.csv             100%  846KB 846.1KB/s   2.1MB/s   00:00
part-00438-of-00500.csv             100%  560KB 559.6KB/s   2.1MB/s   00:00
part-00439-of-00500.csv             100%  653KB 653.2KB/s   2.1MB/s   00:00
part-00440-of-00500.csv             100%  716KB 716.2KB/s   2.1MB/s   00:00
part-00441-of-00500.csv             100%  650KB 650.3KB/s   2.1MB/s   00:00
part-00442-of-00500.csv             100%  617KB 617.0KB/s   2.1MB/s   00:00
part-00443-of-00500.csv             100%  656KB 656.3KB/s   2.1MB/s   00:00
part-00444-of-00500.csv             100%  587KB 587.5KB/s   2.1MB/s   00:00
part-00445-of-00500.csv             100%  768KB 768.4KB/s   2.1MB/s   00:00
part-00446-of-00500.csv             100% 1140KB   1.1MB/s   2.1MB/s   00:00
part-00447-of-00500.csv             100% 1026KB   1.0MB/s   2.1MB/s   00:00
part-00448-of-00500.csv             100% 1286KB   1.3MB/s   2.1MB/s   00:00
part-00449-of-00500.csv             100% 1102KB   1.1MB/s   2.1MB/s   00:00
part-00450-of-00500.csv             100% 1028KB   1.0MB/s   2.1MB/s   00:00
part-00451-of-00500.csv             100%  770KB 770.1KB/s   2.1MB/s   00:00
part-00452-of-00500.csv             100%  664KB 663.5KB/s   2.1MB/s   00:00
part-00453-of-00500.csv             100%  443KB 443.3KB/s   2.1MB/s   00:00
part-00454-of-00500.csv             100%  627KB 626.7KB/s   2.1MB/s   00:00
part-00455-of-00500.csv             100%  455KB 454.7KB/s   2.1MB/s   00:00
part-00456-of-00500.csv             100%  445KB 445.2KB/s   2.1MB/s   00:00
part-00457-of-00500.csv             100%  497KB 496.9KB/s   2.1MB/s   00:00
part-00458-of-00500.csv             100%  488KB 488.2KB/s   2.1MB/s   00:00
part-00459-of-00500.csv             100%  523KB 522.9KB/s   2.1MB/s   00:00
part-00460-of-00500.csv             100%  508KB 507.7KB/s   2.1MB/s   00:00
part-00461-of-00500.csv             100%  452KB 452.3KB/s   2.1MB/s   00:00
part-00462-of-00500.csv             100%  513KB 512.7KB/s   2.1MB/s   00:00
part-00463-of-00500.csv             100%  524KB 524.0KB/s   2.1MB/s   00:00
part-00464-of-00500.csv             100%  438KB 438.3KB/s   2.1MB/s   00:00
part-00465-of-00500.csv             100%  528KB 528.0KB/s   2.1MB/s   00:00
part-00466-of-00500.csv             100%  605KB 605.2KB/s   2.1MB/s   00:00
part-00467-of-00500.csv             100%  434KB 433.8KB/s   2.1MB/s   00:00
part-00468-of-00500.csv             100%  490KB 489.7KB/s   2.1MB/s   00:00
part-00469-of-00500.csv             100%  638KB 637.8KB/s   2.1MB/s   00:00
part-00470-of-00500.csv             100%  424KB 424.1KB/s   2.1MB/s   00:00
part-00471-of-00500.csv             100%  407KB 406.9KB/s   2.1MB/s   00:00
part-00472-of-00500.csv             100%  703KB 702.5KB/s   2.1MB/s   00:00
part-00473-of-00500.csv             100%  732KB 732.2KB/s   2.1MB/s   00:00
part-00474-of-00500.csv             100% 1024KB   1.0MB/s   2.1MB/s   00:00
part-00475-of-00500.csv             100%  996KB 996.5KB/s   2.1MB/s   00:00
part-00476-of-00500.csv             100%  786KB 785.8KB/s   2.1MB/s   00:00
part-00477-of-00500.csv             100%  722KB 721.6KB/s   2.1MB/s   00:00
part-00478-of-00500.csv             100%  471KB 470.7KB/s   2.1MB/s   00:00
part-00479-of-00500.csv             100%  474KB 474.2KB/s   2.1MB/s   00:00
part-00480-of-00500.csv             100%  410KB 409.8KB/s   2.1MB/s   00:00
part-00481-of-00500.csv             100%  411KB 411.2KB/s   2.1MB/s   00:00
part-00482-of-00500.csv             100%  435KB 434.6KB/s   2.1MB/s   00:00
part-00483-of-00500.csv             100%  553KB 553.0KB/s   2.1MB/s   00:00
part-00484-of-00500.csv             100%  519KB 518.5KB/s   2.1MB/s   00:00
part-00485-of-00500.csv             100%  492KB 491.6KB/s   2.1MB/s   00:00
part-00486-of-00500.csv             100%  673KB 672.9KB/s   2.1MB/s   00:00
part-00487-of-00500.csv             100%  389KB 389.1KB/s   2.1MB/s   00:00
part-00488-of-00500.csv             100%  416KB 415.9KB/s   2.1MB/s   00:00
part-00489-of-00500.csv             100%  399KB 398.8KB/s   2.1MB/s   00:00
part-00490-of-00500.csv             100%  433KB 432.6KB/s   2.1MB/s   00:00
part-00491-of-00500.csv             100%  420KB 420.1KB/s   2.1MB/s   00:00
part-00492-of-00500.csv             100%  460KB 459.7KB/s   2.1MB/s   00:00
part-00493-of-00500.csv             100%  476KB 476.3KB/s   2.1MB/s   00:00
part-00494-of-00500.csv             100%  663KB 662.9KB/s   2.1MB/s   00:00
part-00495-of-00500.csv             100%  487KB 486.9KB/s   2.1MB/s   00:00
part-00496-of-00500.csv             100%  530KB 530.3KB/s   2.1MB/s   00:00
part-00497-of-00500.csv             100%  549KB 549.3KB/s   2.1MB/s   00:00
part-00498-of-00500.csv             100%  511KB 510.8KB/s   2.1MB/s   00:00
part-00499-of-00500.csv             100%  450KB 449.7KB/s   2.1MB/s   00:00
part-00000-of-00500.csv             100% 1623KB   1.6MB/s   2.1MB/s   00:00
part-00408-of-00500.csv             100%  745KB 744.8KB/s   2.1MB/s   00:01
part-00409-of-00500.csv             100%  693KB 692.6KB/s   2.1MB/s   00:00
part-00410-of-00500.csv             100%  599KB 598.6KB/s   2.1MB/s   00:00
part-00411-of-00500.csv             100%  768KB 768.4KB/s   2.1MB/s   00:00